Mplus VERSION 7.11
MUTHEN & MUTHEN
04/19/2015   9:20 PM

INPUT INSTRUCTIONS

  TITLE:  FMA-LTA FS 0113_2C2F
  ALLES richtig!

  DATA: FILE IS "RiskDataMplus.csv";

  VARIABLE: NAMES ARE
  ID NR Country Gender Age LiveArea Car Bedroom Travel
  Computer Wealth ZPop ZLike SE DASS Depress Anxiety Stress PopSelf
  LikeSelf Tobacco1 Tobacco2 Tobacco3 Tobacco4 Tobacco5 Alcohol1
  Alcohol2 Alcohol3 Alcohol4 Drugs1 Drugs2 Drugs3 Drugs4 Sex1
  Sex2 Sex3 Sex4 Sex5 Sex7 Sex8 Aggro1 Aggro2 Zfriend Zattrac Zcheers Zhelpful
  Zsports Zwell Znice Zleader Ztough Zexclude Zbullies Zgossips Zmean
  ZSex3 ZSex4 ZTob3 ZTob4 ZAlc3 ZAlc4 ZMar1 AvrSex AvrTob AvrAlc risksum
  ;

  USEVARIABLES =
  AvrSex AvrTob AvrAlc ZMar1
  ;
  MISSING = ALL(9999);

  ANALYSIS:
  TYPE = GENERAL;

  MODEL:

  Risk BY AvrSex* AvrTob AvrAlc ZMar1
  ; ! Confirmatory factor model
  Risk@1;
  [AvrSex AvrTob AvrAlc ZMar1]; ! Estimate intercepts (means)

  OUTPUT:
  stdyx residual tech1 modindices(all 3.84);



*** WARNING
  Data set contains cases with missing on all variables.
  These cases were not included in the analysis.
  Number of cases with missing on all variables:  1
   1 WARNING(S) FOUND IN THE INPUT INSTRUCTIONS



FMA-LTA FS 0113_2C2F
ALLES richtig!

SUMMARY OF ANALYSIS

Number of groups                                                 1
Number of observations                                         407

Number of dependent variables                                    4
Number of independent variables                                  0
Number of continuous latent variables                            1

Observed dependent variables

  Continuous
   AVRSEX      AVRTOB      AVRALC      ZMAR1

Continuous latent variables
   RISK


Estimator                                                       ML
Information matrix                                        OBSERVED
Maximum number of iterations                                  1000
Convergence criterion                                    0.500D-04
Maximum number of steepest descent iterations                   20
Maximum number of iterations for H1                           2000
Convergence criterion for H1                             0.100D-03

Input data file(s)
  RiskDataMplus.csv

Input data format  FREE


SUMMARY OF DATA

     Number of missing data patterns             6


COVARIANCE COVERAGE OF DATA

Minimum covariance coverage value   0.100


     PROPORTION OF DATA PRESENT


           Covariance Coverage
              AVRSEX        AVRTOB        AVRALC        ZMAR1
              ________      ________      ________      ________
 AVRSEX         0.990
 AVRTOB         0.968         0.975
 AVRALC         0.975         0.966         0.985
 ZMAR1          0.990         0.975         0.985         1.000



THE MODEL ESTIMATION TERMINATED NORMALLY



MODEL FIT INFORMATION

Number of Free Parameters                       12

Loglikelihood

          H0 Value                       -2053.906
          H1 Value                       -2052.235

Information Criteria

          Akaike (AIC)                    4131.812
          Bayesian (BIC)                  4179.918
          Sample-Size Adjusted BIC        4141.840
            (n* = (n + 2) / 24)

Chi-Square Test of Model Fit

          Value                              3.342
          Degrees of Freedom                     2
          P-Value                           0.1881

RMSEA (Root Mean Square Error Of Approximation)

          Estimate                           0.041
          90 Percent C.I.                    0.000  0.114
          Probability RMSEA <= .05           0.473

CFI/TLI

          CFI                                0.995
          TLI                                0.986

Chi-Square Test of Model Fit for the Baseline Model

          Value                            295.474
          Degrees of Freedom                     6
          P-Value                           0.0000

SRMR (Standardized Root Mean Square Residual)

          Value                              0.016



MODEL RESULTS

                                                    Two-Tailed
                    Estimate       S.E.  Est./S.E.    P-Value

 RISK     BY
    AVRSEX             0.478      0.052      9.256      0.000
    AVRTOB             0.706      0.052     13.616      0.000
    AVRALC             0.586      0.049     12.062      0.000
    ZMAR1              0.598      0.054     11.021      0.000

 Intercepts
    AVRSEX            -0.003      0.047     -0.074      0.941
    AVRTOB            -0.009      0.048     -0.186      0.852
    AVRALC            -0.001      0.045     -0.017      0.987
    ZMAR1              0.000      0.050      0.000      1.000

 Variances
    RISK               1.000      0.000    999.000    999.000

 Residual Variances
    AVRSEX             0.648      0.053     12.237      0.000
    AVRTOB             0.423      0.054      7.820      0.000
    AVRALC             0.477      0.047     10.251      0.000
    ZMAR1              0.640      0.058     11.070      0.000


STANDARDIZED MODEL RESULTS


STDYX Standardization

                                                    Two-Tailed
                    Estimate       S.E.  Est./S.E.    P-Value

 RISK     BY
    AVRSEX             0.510      0.047     10.765      0.000
    AVRTOB             0.735      0.040     18.233      0.000
    AVRALC             0.647      0.042     15.450      0.000
    ZMAR1              0.599      0.044     13.574      0.000

 Intercepts
    AVRSEX            -0.004      0.050     -0.074      0.941
    AVRTOB            -0.009      0.050     -0.186      0.852
    AVRALC            -0.001      0.050     -0.017      0.987
    ZMAR1              0.000      0.050      0.000      1.000

 Variances
    RISK               1.000      0.000    999.000    999.000

 Residual Variances
    AVRSEX             0.740      0.048     15.301      0.000
    AVRTOB             0.459      0.059      7.739      0.000
    AVRALC             0.581      0.054     10.728      0.000
    ZMAR1              0.642      0.053     12.155      0.000


R-SQUARE

    Observed                                        Two-Tailed
    Variable        Estimate       S.E.  Est./S.E.    P-Value

    AVRSEX             0.260      0.048      5.382      0.000
    AVRTOB             0.541      0.059      9.117      0.000
    AVRALC             0.419      0.054      7.725      0.000
    ZMAR1              0.358      0.053      6.787      0.000


QUALITY OF NUMERICAL RESULTS

     Condition Number for the Information Matrix              0.206E+00
       (ratio of smallest to largest eigenvalue)


RESIDUAL OUTPUT


     ESTIMATED MODEL AND RESIDUALS (OBSERVED - ESTIMATED)


           Model Estimated Means/Intercepts/Thresholds
              AVRSEX        AVRTOB        AVRALC        ZMAR1
              ________      ________      ________      ________
      1        -0.003        -0.009        -0.001         0.000


           Residuals for Means/Intercepts/Thresholds
              AVRSEX        AVRTOB        AVRALC        ZMAR1
              ________      ________      ________      ________
      1         0.000        -0.001         0.000         0.000


           Standardized Residuals (z-scores) for Means/Intercepts/Thresholds
              AVRSEX        AVRTOB        AVRALC        ZMAR1
              ________      ________      ________      ________
      1       999.000        -0.697       999.000         0.000


           Normalized Residuals for Means/Intercepts/Thresholds
              AVRSEX        AVRTOB        AVRALC        ZMAR1
              ________      ________      ________      ________
      1        -0.008        -0.013        -0.002         0.000


           Model Estimated Covariances/Correlations/Residual Correlations
              AVRSEX        AVRTOB        AVRALC        ZMAR1
              ________      ________      ________      ________
 AVRSEX         0.876
 AVRTOB         0.337         0.922
 AVRALC         0.280         0.414         0.821
 ZMAR1          0.285         0.422         0.351         0.998


           Residuals for Covariances/Correlations/Residual Correlations
              AVRSEX        AVRTOB        AVRALC        ZMAR1
              ________      ________      ________      ________
 AVRSEX         0.000
 AVRTOB        -0.017         0.000
 AVRALC        -0.010         0.015         0.000
 ZMAR1          0.044        -0.006        -0.019         0.000


           Standardized Residuals (z-scores) for Covariances/Correlations/Residual Corr
              AVRSEX        AVRTOB        AVRALC        ZMAR1
              ________      ________      ________      ________
 AVRSEX       999.000
 AVRTOB        -1.115         0.128
 AVRALC        -0.547         3.887       999.000
 ZMAR1          1.892        -0.491        -1.125         0.000


           Normalized Residuals for Covariances/Correlations/Residual Correlations
              AVRSEX        AVRTOB        AVRALC        ZMAR1
              ________      ________      ________      ________
 AVRSEX         0.000
 AVRTOB        -0.368         0.004
 AVRALC        -0.237         0.316        -0.004
 ZMAR1          0.892        -0.116        -0.385         0.000


MODEL MODIFICATION INDICES

Minimum M.I. value for printing the modification index     3.840

                                   M.I.     E.P.C.  Std E.P.C.  StdYX E.P.C.

No modification indices above the minimum value.



TECHNICAL 1 OUTPUT


     PARAMETER SPECIFICATION


           NU
              AVRSEX        AVRTOB        AVRALC        ZMAR1
              ________      ________      ________      ________
      1           0             0             0             0


           LAMBDA
              RISK          AVRSEX        AVRTOB        AVRALC        ZMAR1
              ________      ________      ________      ________      ________
 AVRSEX             0             0             0             0             0
 AVRTOB             0             0             0             0             0
 AVRALC             0             0             0             0             0
 ZMAR1              0             0             0             0             0


           THETA
              AVRSEX        AVRTOB        AVRALC        ZMAR1
              ________      ________      ________      ________
 AVRSEX             0
 AVRTOB             0             0
 AVRALC             0             0             0
 ZMAR1              0             0             0             0


           ALPHA
              RISK          AVRSEX        AVRTOB        AVRALC        ZMAR1
              ________      ________      ________      ________      ________
      1           0             1             2             3             4


           BETA
              RISK          AVRSEX        AVRTOB        AVRALC        ZMAR1
              ________      ________      ________      ________      ________
 RISK               0             0             0             0             0
 AVRSEX             5             0             0             0             0
 AVRTOB             6             0             0             0             0
 AVRALC             7             0             0             0             0
 ZMAR1              8             0             0             0             0


           PSI
              RISK          AVRSEX        AVRTOB        AVRALC        ZMAR1
              ________      ________      ________      ________      ________
 RISK               0
 AVRSEX             0             9
 AVRTOB             0             0            10
 AVRALC             0             0             0            11
 ZMAR1              0             0             0             0            12


     STARTING VALUES


           NU
              AVRSEX        AVRTOB        AVRALC        ZMAR1
              ________      ________      ________      ________
      1         0.000         0.000         0.000         0.000


           LAMBDA
              RISK          AVRSEX        AVRTOB        AVRALC        ZMAR1
              ________      ________      ________      ________      ________
 AVRSEX         0.000         1.000         0.000         0.000         0.000
 AVRTOB         0.000         0.000         1.000         0.000         0.000
 AVRALC         0.000         0.000         0.000         1.000         0.000
 ZMAR1          0.000         0.000         0.000         0.000         1.000


           THETA
              AVRSEX        AVRTOB        AVRALC        ZMAR1
              ________      ________      ________      ________
 AVRSEX         0.000
 AVRTOB         0.000         0.000
 AVRALC         0.000         0.000         0.000
 ZMAR1          0.000         0.000         0.000         0.000


           ALPHA
              RISK          AVRSEX        AVRTOB        AVRALC        ZMAR1
              ________      ________      ________      ________      ________
      1         0.000        -0.002        -0.004         0.000         0.000


           BETA
              RISK          AVRSEX        AVRTOB        AVRALC        ZMAR1
              ________      ________      ________      ________      ________
 RISK           0.000         0.000         0.000         0.000         0.000
 AVRSEX         1.000         0.000         0.000         0.000         0.000
 AVRTOB         1.000         0.000         0.000         0.000         0.000
 AVRALC         1.000         0.000         0.000         0.000         0.000
 ZMAR1          1.000         0.000         0.000         0.000         0.000


           PSI
              RISK          AVRSEX        AVRTOB        AVRALC        ZMAR1
              ________      ________      ________      ________      ________
 RISK           1.000
 AVRSEX         0.000         0.440
 AVRTOB         0.000         0.000         0.464
 AVRALC         0.000         0.000         0.000         0.412
 ZMAR1          0.000         0.000         0.000         0.000         0.500


DIAGRAM INFORMATION

  Use View Diagram under the Diagram menu in the Mplus Editor to view the diagram.
  If running Mplus from the Mplus Diagrammer, the diagram opens automatically.

  Diagram output
    c:\users\petere\desktop\sem_ws\mplus_model5.dgm

     Beginning Time:  21:20:50
        Ending Time:  21:20:51
       Elapsed Time:  00:00:01



MUTHEN & MUTHEN
3463 Stoner Ave.
Los Angeles, CA  90066

Tel: (310) 391-9971
Fax: (310) 391-8971
Web: www.StatModel.com
Support: Support@StatModel.com

Copyright (c) 1998-2013 Muthen & Muthen
